{"/Users/valentinprugnaud/Sites/variate-vue/src/helpers.js": {"path":"/Users/valentinprugnaud/Sites/variate-vue/src/helpers.js","statementMap":{"0":{"start":{"line":3,"column":25},"end":{"line":19,"column":2}},"1":{"start":{"line":4,"column":17},"end":{"line":4,"column":38}},"2":{"start":{"line":5,"column":19},"end":{"line":5,"column":21}},"3":{"start":{"line":7,"column":4},"end":{"line":9,"column":5}},"4":{"start":{"line":8,"column":8},"end":{"line":8,"column":59}},"5":{"start":{"line":11,"column":4},"end":{"line":16,"column":6}},"6":{"start":{"line":12,"column":8},"end":{"line":15,"column":22}},"7":{"start":{"line":13,"column":29},"end":{"line":13,"column":97}},"8":{"start":{"line":13,"column":67},"end":{"line":13,"column":86}},"9":{"start":{"line":14,"column":12},"end":{"line":14,"column":80}},"10":{"start":{"line":14,"column":60},"end":{"line":14,"column":76}},"11":{"start":{"line":18,"column":4},"end":{"line":18,"column":20}},"12":{"start":{"line":25,"column":28},"end":{"line":43,"column":1}},"13":{"start":{"line":26,"column":19},"end":{"line":26,"column":21}},"14":{"start":{"line":28,"column":4},"end":{"line":30,"column":5}},"15":{"start":{"line":29,"column":8},"end":{"line":29,"column":62}},"16":{"start":{"line":32,"column":4},"end":{"line":40,"column":7}},"17":{"start":{"line":33,"column":8},"end":{"line":39,"column":10}},"18":{"start":{"line":34,"column":12},"end":{"line":36,"column":13}},"19":{"start":{"line":35,"column":16},"end":{"line":35,"column":56}},"20":{"start":{"line":38,"column":12},"end":{"line":38,"column":53}},"21":{"start":{"line":42,"column":4},"end":{"line":42,"column":20}},"22":{"start":{"line":51,"column":4},"end":{"line":58,"column":6}},"23":{"start":{"line":52,"column":8},"end":{"line":55,"column":9}},"24":{"start":{"line":53,"column":12},"end":{"line":53,"column":28}},"25":{"start":{"line":54,"column":12},"end":{"line":54,"column":27}},"26":{"start":{"line":57,"column":8},"end":{"line":57,"column":34}},"27":{"start":{"line":69,"column":4},"end":{"line":71,"column":64}},"28":{"start":{"line":70,"column":26},"end":{"line":70,"column":49}},"29":{"start":{"line":71,"column":39},"end":{"line":71,"column":61}}},"fnMap":{"0":{"name":"(anonymous_0)","decl":{"start":{"line":3,"column":44},"end":{"line":3,"column":45}},"loc":{"start":{"line":3,"column":64},"end":{"line":19,"column":1}},"line":3},"1":{"name":"(anonymous_1)","decl":{"start":{"line":11,"column":23},"end":{"line":11,"column":24}},"loc":{"start":{"line":11,"column":35},"end":{"line":16,"column":5}},"line":11},"2":{"name":"(anonymous_2)","decl":{"start":{"line":12,"column":37},"end":{"line":12,"column":38}},"loc":{"start":{"line":12,"column":55},"end":{"line":15,"column":9}},"line":12},"3":{"name":"(anonymous_3)","decl":{"start":{"line":13,"column":56},"end":{"line":13,"column":57}},"loc":{"start":{"line":13,"column":67},"end":{"line":13,"column":86}},"line":13},"4":{"name":"(anonymous_4)","decl":{"start":{"line":14,"column":54},"end":{"line":14,"column":55}},"loc":{"start":{"line":14,"column":60},"end":{"line":14,"column":76}},"line":14},"5":{"name":"(anonymous_5)","decl":{"start":{"line":25,"column":28},"end":{"line":25,"column":29}},"loc":{"start":{"line":25,"column":43},"end":{"line":43,"column":1}},"line":25},"6":{"name":"(anonymous_6)","decl":{"start":{"line":32,"column":36},"end":{"line":32,"column":37}},"loc":{"start":{"line":32,"column":54},"end":{"line":40,"column":5}},"line":32},"7":{"name":"(anonymous_7)","decl":{"start":{"line":33,"column":24},"end":{"line":33,"column":25}},"loc":{"start":{"line":33,"column":36},"end":{"line":39,"column":9}},"line":33},"8":{"name":"normalizeNamespace","decl":{"start":{"line":50,"column":9},"end":{"line":50,"column":27}},"loc":{"start":{"line":50,"column":32},"end":{"line":59,"column":1}},"line":50},"9":{"name":"(anonymous_9)","decl":{"start":{"line":51,"column":11},"end":{"line":51,"column":12}},"loc":{"start":{"line":51,"column":31},"end":{"line":58,"column":5}},"line":51},"10":{"name":"normalizeMap","decl":{"start":{"line":68,"column":9},"end":{"line":68,"column":21}},"loc":{"start":{"line":68,"column":27},"end":{"line":72,"column":1}},"line":68},"11":{"name":"(anonymous_11)","decl":{"start":{"line":70,"column":18},"end":{"line":70,"column":19}},"loc":{"start":{"line":70,"column":26},"end":{"line":70,"column":49}},"line":70},"12":{"name":"(anonymous_12)","decl":{"start":{"line":71,"column":31},"end":{"line":71,"column":32}},"loc":{"start":{"line":71,"column":39},"end":{"line":71,"column":61}},"line":71}},"branchMap":{"0":{"loc":{"start":{"line":4,"column":17},"end":{"line":4,"column":38}},"type":"binary-expr","locations":[{"start":{"line":4,"column":17},"end":{"line":4,"column":26}},{"start":{"line":4,"column":30},"end":{"line":4,"column":38}}],"line":4},"1":{"loc":{"start":{"line":7,"column":4},"end":{"line":9,"column":5}},"type":"if","locations":[{"start":{"line":7,"column":4},"end":{"line":9,"column":5}},{"start":{"line":7,"column":4},"end":{"line":9,"column":5}}],"line":7},"2":{"loc":{"start":{"line":7,"column":8},"end":{"line":7,"column":53}},"type":"binary-expr","locations":[{"start":{"line":7,"column":8},"end":{"line":7,"column":31}},{"start":{"line":7,"column":35},"end":{"line":7,"column":53}}],"line":7},"3":{"loc":{"start":{"line":14,"column":60},"end":{"line":14,"column":76}},"type":"binary-expr","locations":[{"start":{"line":14,"column":60},"end":{"line":14,"column":69}},{"start":{"line":14,"column":73},"end":{"line":14,"column":76}}],"line":14},"4":{"loc":{"start":{"line":28,"column":4},"end":{"line":30,"column":5}},"type":"if","locations":[{"start":{"line":28,"column":4},"end":{"line":30,"column":5}},{"start":{"line":28,"column":4},"end":{"line":30,"column":5}}],"line":28},"5":{"loc":{"start":{"line":34,"column":12},"end":{"line":36,"column":13}},"type":"if","locations":[{"start":{"line":34,"column":12},"end":{"line":36,"column":13}},{"start":{"line":34,"column":12},"end":{"line":36,"column":13}}],"line":34},"6":{"loc":{"start":{"line":34,"column":15},"end":{"line":34,"column":55}},"type":"binary-expr","locations":[{"start":{"line":34,"column":15},"end":{"line":34,"column":29}},{"start":{"line":34,"column":33},"end":{"line":34,"column":55}}],"line":34},"7":{"loc":{"start":{"line":38,"column":19},"end":{"line":38,"column":52}},"type":"binary-expr","locations":[{"start":{"line":38,"column":19},"end":{"line":38,"column":45}},{"start":{"line":38,"column":49},"end":{"line":38,"column":52}}],"line":38},"8":{"loc":{"start":{"line":52,"column":8},"end":{"line":55,"column":9}},"type":"if","locations":[{"start":{"line":52,"column":8},"end":{"line":55,"column":9}},{"start":{"line":52,"column":8},"end":{"line":55,"column":9}}],"line":52},"9":{"loc":{"start":{"line":69,"column":11},"end":{"line":71,"column":63}},"type":"cond-expr","locations":[{"start":{"line":70,"column":10},"end":{"line":70,"column":51}},{"start":{"line":71,"column":10},"end":{"line":71,"column":63}}],"line":69}},"s":{"0":3,"1":3,"2":3,"3":3,"4":1,"5":2,"6":2,"7":2,"8":4,"9":2,"10":2,"11":2,"12":3,"13":4,"14":4,"15":1,"16":3,"17":3,"18":3,"19":1,"20":2,"21":3,"22":3,"23":3,"24":1,"25":1,"26":3,"27":5,"28":2,"29":3},"f":{"0":3,"1":2,"2":2,"3":4,"4":2,"5":4,"6":3,"7":3,"8":3,"9":3,"10":5,"11":2,"12":3},"b":{"0":[3,1],"1":[1,2],"2":[3,3],"3":[2,2],"4":[1,3],"5":[1,2],"6":[3,2],"7":[2,2],"8":[1,2],"9":[2,3]},"_coverageSchema":"43e27e138ebf9cfc5966b082cf9a028302ed4184","hash":"110d6352f63e8ac0a76276cbdc301f5a60424ef9"}
,"/Users/valentinprugnaud/Sites/variate-vue/src/index.js": {"path":"/Users/valentinprugnaud/Sites/variate-vue/src/index.js","statementMap":{},"fnMap":{},"branchMap":{},"s":{},"f":{},"b":{},"_coverageSchema":"43e27e138ebf9cfc5966b082cf9a028302ed4184","hash":"35ad25d40ece65b6d4ac1497dea255801b47f3cf"}
,"/Users/valentinprugnaud/Sites/variate-vue/src/variate.js": {"path":"/Users/valentinprugnaud/Sites/variate-vue/src/variate.js","statementMap":{"0":{"start":{"line":6,"column":4},"end":{"line":6,"column":36}},"1":{"start":{"line":8,"column":4},"end":{"line":48,"column":7}},"2":{"start":{"line":12,"column":31},"end":{"line":12,"column":35}},"3":{"start":{"line":17,"column":16},"end":{"line":17,"column":75}},"4":{"start":{"line":17,"column":44},"end":{"line":17,"column":75}},"5":{"start":{"line":18,"column":16},"end":{"line":18,"column":69}},"6":{"start":{"line":21,"column":16},"end":{"line":21,"column":60}},"7":{"start":{"line":24,"column":16},"end":{"line":26,"column":17}},"8":{"start":{"line":25,"column":20},"end":{"line":25,"column":79}},"9":{"start":{"line":28,"column":16},"end":{"line":28,"column":26}},"10":{"start":{"line":31,"column":16},"end":{"line":31,"column":57}},"11":{"start":{"line":34,"column":16},"end":{"line":34,"column":63}},"12":{"start":{"line":37,"column":16},"end":{"line":37,"column":61}},"13":{"start":{"line":41,"column":12},"end":{"line":46,"column":13}},"14":{"start":{"line":42,"column":16},"end":{"line":42,"column":105}},"15":{"start":{"line":43,"column":16},"end":{"line":43,"column":79}},"16":{"start":{"line":44,"column":16},"end":{"line":44,"column":70}},"17":{"start":{"line":45,"column":16},"end":{"line":45,"column":52}},"18":{"start":{"line":50,"column":20},"end":{"line":50,"column":40}},"19":{"start":{"line":52,"column":4},"end":{"line":52,"column":37}},"20":{"start":{"line":54,"column":4},"end":{"line":54,"column":19}}},"fnMap":{"0":{"name":"install","decl":{"start":{"line":5,"column":16},"end":{"line":5,"column":23}},"loc":{"start":{"line":5,"column":38},"end":{"line":55,"column":1}},"line":5},"1":{"name":"(anonymous_1)","decl":{"start":{"line":12,"column":25},"end":{"line":12,"column":26}},"loc":{"start":{"line":12,"column":31},"end":{"line":12,"column":35}},"line":12},"2":{"name":"(anonymous_2)","decl":{"start":{"line":16,"column":12},"end":{"line":16,"column":13}},"loc":{"start":{"line":16,"column":35},"end":{"line":19,"column":13}},"line":16},"3":{"name":"(anonymous_3)","decl":{"start":{"line":20,"column":12},"end":{"line":20,"column":13}},"loc":{"start":{"line":20,"column":32},"end":{"line":22,"column":13}},"line":20},"4":{"name":"(anonymous_4)","decl":{"start":{"line":23,"column":12},"end":{"line":23,"column":13}},"loc":{"start":{"line":23,"column":31},"end":{"line":29,"column":13}},"line":23},"5":{"name":"(anonymous_5)","decl":{"start":{"line":30,"column":12},"end":{"line":30,"column":13}},"loc":{"start":{"line":30,"column":28},"end":{"line":32,"column":13}},"line":30},"6":{"name":"(anonymous_6)","decl":{"start":{"line":33,"column":12},"end":{"line":33,"column":13}},"loc":{"start":{"line":33,"column":33},"end":{"line":35,"column":13}},"line":33},"7":{"name":"(anonymous_7)","decl":{"start":{"line":36,"column":12},"end":{"line":36,"column":13}},"loc":{"start":{"line":36,"column":31},"end":{"line":38,"column":13}},"line":36},"8":{"name":"(anonymous_8)","decl":{"start":{"line":40,"column":8},"end":{"line":40,"column":9}},"loc":{"start":{"line":40,"column":18},"end":{"line":47,"column":9}},"line":40}},"branchMap":{"0":{"loc":{"start":{"line":6,"column":4},"end":{"line":6,"column":35}},"type":"binary-expr","locations":[{"start":{"line":6,"column":4},"end":{"line":6,"column":17}},{"start":{"line":6,"column":21},"end":{"line":6,"column":35}}],"line":6},"1":{"loc":{"start":{"line":17,"column":16},"end":{"line":17,"column":75}},"type":"if","locations":[{"start":{"line":17,"column":16},"end":{"line":17,"column":75}},{"start":{"line":17,"column":16},"end":{"line":17,"column":75}}],"line":17},"2":{"loc":{"start":{"line":18,"column":23},"end":{"line":18,"column":68}},"type":"binary-expr","locations":[{"start":{"line":18,"column":23},"end":{"line":18,"column":37}},{"start":{"line":18,"column":41},"end":{"line":18,"column":68}}],"line":18},"3":{"loc":{"start":{"line":24,"column":16},"end":{"line":26,"column":17}},"type":"if","locations":[{"start":{"line":24,"column":16},"end":{"line":26,"column":17}},{"start":{"line":24,"column":16},"end":{"line":26,"column":17}}],"line":24},"4":{"loc":{"start":{"line":31,"column":23},"end":{"line":31,"column":56}},"type":"binary-expr","locations":[{"start":{"line":31,"column":23},"end":{"line":31,"column":51}},{"start":{"line":31,"column":55},"end":{"line":31,"column":56}}],"line":31},"5":{"loc":{"start":{"line":34,"column":23},"end":{"line":34,"column":62}},"type":"binary-expr","locations":[{"start":{"line":34,"column":23},"end":{"line":34,"column":56}},{"start":{"line":34,"column":60},"end":{"line":34,"column":62}}],"line":34},"6":{"loc":{"start":{"line":37,"column":23},"end":{"line":37,"column":60}},"type":"binary-expr","locations":[{"start":{"line":37,"column":23},"end":{"line":37,"column":54}},{"start":{"line":37,"column":58},"end":{"line":37,"column":60}}],"line":37},"7":{"loc":{"start":{"line":41,"column":12},"end":{"line":46,"column":13}},"type":"if","locations":[{"start":{"line":41,"column":12},"end":{"line":46,"column":13}},{"start":{"line":41,"column":12},"end":{"line":46,"column":13}}],"line":41},"8":{"loc":{"start":{"line":41,"column":16},"end":{"line":41,"column":111}},"type":"binary-expr","locations":[{"start":{"line":41,"column":16},"end":{"line":41,"column":61}},{"start":{"line":41,"column":65},"end":{"line":41,"column":111}}],"line":41},"9":{"loc":{"start":{"line":42,"column":16},"end":{"line":42,"column":104}},"type":"binary-expr","locations":[{"start":{"line":42,"column":16},"end":{"line":42,"column":29}},{"start":{"line":42,"column":33},"end":{"line":42,"column":104}}],"line":42},"10":{"loc":{"start":{"line":43,"column":16},"end":{"line":43,"column":78}},"type":"binary-expr","locations":[{"start":{"line":43,"column":16},"end":{"line":43,"column":29}},{"start":{"line":43,"column":33},"end":{"line":43,"column":78}}],"line":43},"11":{"loc":{"start":{"line":44,"column":16},"end":{"line":44,"column":69}},"type":"binary-expr","locations":[{"start":{"line":44,"column":16},"end":{"line":44,"column":29}},{"start":{"line":44,"column":33},"end":{"line":44,"column":69}}],"line":44},"12":{"loc":{"start":{"line":45,"column":16},"end":{"line":45,"column":51}},"type":"binary-expr","locations":[{"start":{"line":45,"column":16},"end":{"line":45,"column":29}},{"start":{"line":45,"column":33},"end":{"line":45,"column":51}}],"line":45}},"s":{"0":2,"1":2,"2":12,"3":12,"4":10,"5":2,"6":4,"7":32,"8":26,"9":6,"10":4,"11":9,"12":6,"13":12,"14":6,"15":6,"16":6,"17":6,"18":2,"19":2,"20":2},"f":{"0":2,"1":12,"2":12,"3":4,"4":32,"5":4,"6":9,"7":6,"8":12},"b":{"0":[2,1],"1":[10,2],"2":[2,2],"3":[26,6],"4":[4,4],"5":[9,3],"6":[6,4],"7":[6,6],"8":[12,6],"9":[6,3],"10":[6,3],"11":[6,3],"12":[6,3]},"_coverageSchema":"43e27e138ebf9cfc5966b082cf9a028302ed4184","hash":"66483bca798bb9adf740b1fba56bf6dc85dc77ee"}
,"/Users/valentinprugnaud/Sites/variate-vue/src/config/console.js": {"path":"/Users/valentinprugnaud/Sites/variate-vue/src/config/console.js","statementMap":{"0":{"start":{"line":1,"column":20},"end":{"line":1,"column":33}},"1":{"start":{"line":3,"column":22},"end":{"line":9,"column":1}}},"fnMap":{},"branchMap":{},"s":{"0":3,"1":3},"f":{},"b":{},"_coverageSchema":"43e27e138ebf9cfc5966b082cf9a028302ed4184","hash":"7dee103709d6a011d88f81fc865e7b656ce81f9d"}
,"/Users/valentinprugnaud/Sites/variate-vue/src/lang/debug.js": {"path":"/Users/valentinprugnaud/Sites/variate-vue/src/lang/debug.js","statementMap":{"0":{"start":{"line":2,"column":29},"end":{"line":2,"column":45}},"1":{"start":{"line":3,"column":42},"end":{"line":3,"column":64}}},"fnMap":{},"branchMap":{},"s":{"0":3,"1":3},"f":{},"b":{},"_coverageSchema":"43e27e138ebf9cfc5966b082cf9a028302ed4184","hash":"ff7c8082a0a1e3527a0cd3c3b8720162738230a0"}
,"/Users/valentinprugnaud/Sites/variate-vue/src/lang/error.js": {"path":"/Users/valentinprugnaud/Sites/variate-vue/src/lang/error.js","statementMap":{"0":{"start":{"line":1,"column":31},"end":{"line":1,"column":82}},"1":{"start":{"line":4,"column":42},"end":{"line":4,"column":96}},"2":{"start":{"line":7,"column":45},"end":{"line":7,"column":114}}},"fnMap":{},"branchMap":{},"s":{"0":3,"1":3,"2":3},"f":{},"b":{},"_coverageSchema":"43e27e138ebf9cfc5966b082cf9a028302ed4184","hash":"e070da3f2f444b91225cba6419c861f715b053c0"}
,"/Users/valentinprugnaud/Sites/variate-vue/src/lang/version.js": {"path":"/Users/valentinprugnaud/Sites/variate-vue/src/lang/version.js","statementMap":{"0":{"start":{"line":5,"column":8},"end":{"line":9,"column":10}}},"fnMap":{"0":{"name":"(anonymous_0)","decl":{"start":{"line":4,"column":10},"end":{"line":4,"column":11}},"loc":{"start":{"line":4,"column":21},"end":{"line":10,"column":5}},"line":4}},"branchMap":{},"s":{"0":1},"f":{"0":1},"b":{},"_coverageSchema":"43e27e138ebf9cfc5966b082cf9a028302ed4184","hash":"eae8f8212bf127be096f04561cd25baff7b01015"}
}
