TN:
SF:/Users/valentinprugnaud/Sites/variate-vue/src/helpers.js
FN:3,(anonymous_0)
FN:11,(anonymous_1)
FN:12,(anonymous_2)
FN:13,(anonymous_3)
FN:14,(anonymous_4)
FN:25,(anonymous_5)
FN:32,(anonymous_6)
FN:33,(anonymous_7)
FN:50,normalizeNamespace
FN:51,(anonymous_9)
FN:68,normalizeMap
FN:70,(anonymous_11)
FN:71,(anonymous_12)
FNF:13
FNH:13
FNDA:3,(anonymous_0)
FNDA:2,(anonymous_1)
FNDA:2,(anonymous_2)
FNDA:4,(anonymous_3)
FNDA:2,(anonymous_4)
FNDA:4,(anonymous_5)
FNDA:3,(anonymous_6)
FNDA:3,(anonymous_7)
FNDA:3,normalizeNamespace
FNDA:3,(anonymous_9)
FNDA:5,normalizeMap
FNDA:2,(anonymous_11)
FNDA:3,(anonymous_12)
DA:3,3
DA:4,3
DA:5,3
DA:7,3
DA:8,1
DA:11,2
DA:12,2
DA:13,4
DA:14,2
DA:18,2
DA:25,3
DA:26,4
DA:28,4
DA:29,1
DA:32,3
DA:33,3
DA:34,3
DA:35,1
DA:38,2
DA:42,3
DA:51,3
DA:52,3
DA:53,1
DA:54,1
DA:57,3
DA:69,5
DA:70,2
DA:71,3
LF:28
LH:28
BRDA:4,0,0,3
BRDA:4,0,1,1
BRDA:7,1,0,1
BRDA:7,1,1,2
BRDA:7,2,0,3
BRDA:7,2,1,3
BRDA:14,3,0,2
BRDA:14,3,1,2
BRDA:28,4,0,1
BRDA:28,4,1,3
BRDA:34,5,0,1
BRDA:34,5,1,2
BRDA:34,6,0,3
BRDA:34,6,1,2
BRDA:38,7,0,2
BRDA:38,7,1,2
BRDA:52,8,0,1
BRDA:52,8,1,2
BRDA:69,9,0,2
BRDA:69,9,1,3
BRF:20
BRH:20
end_of_record
TN:
SF:/Users/valentinprugnaud/Sites/variate-vue/src/index.js
FNF:0
FNH:0
LF:0
LH:0
BRF:0
BRH:0
end_of_record
TN:
SF:/Users/valentinprugnaud/Sites/variate-vue/src/variate.js
FN:5,install
FN:12,(anonymous_1)
FN:16,(anonymous_2)
FN:20,(anonymous_3)
FN:23,(anonymous_4)
FN:30,(anonymous_5)
FN:33,(anonymous_6)
FN:36,(anonymous_7)
FN:40,(anonymous_8)
FNF:9
FNH:9
FNDA:2,install
FNDA:12,(anonymous_1)
FNDA:12,(anonymous_2)
FNDA:4,(anonymous_3)
FNDA:32,(anonymous_4)
FNDA:4,(anonymous_5)
FNDA:9,(anonymous_6)
FNDA:6,(anonymous_7)
FNDA:12,(anonymous_8)
DA:6,2
DA:8,2
DA:12,12
DA:17,12
DA:18,2
DA:21,4
DA:24,32
DA:25,26
DA:28,6
DA:31,4
DA:34,9
DA:37,6
DA:41,12
DA:42,6
DA:43,6
DA:44,6
DA:45,6
DA:50,2
DA:52,2
DA:54,2
LF:20
LH:20
BRDA:6,0,0,2
BRDA:6,0,1,1
BRDA:17,1,0,10
BRDA:17,1,1,2
BRDA:18,2,0,2
BRDA:18,2,1,2
BRDA:24,3,0,26
BRDA:24,3,1,6
BRDA:31,4,0,4
BRDA:31,4,1,4
BRDA:34,5,0,9
BRDA:34,5,1,3
BRDA:37,6,0,6
BRDA:37,6,1,4
BRDA:41,7,0,6
BRDA:41,7,1,6
BRDA:41,8,0,12
BRDA:41,8,1,6
BRDA:42,9,0,6
BRDA:42,9,1,3
BRDA:43,10,0,6
BRDA:43,10,1,3
BRDA:44,11,0,6
BRDA:44,11,1,3
BRDA:45,12,0,6
BRDA:45,12,1,3
BRF:26
BRH:26
end_of_record
TN:
SF:/Users/valentinprugnaud/Sites/variate-vue/src/config/console.js
FNF:0
FNH:0
DA:1,3
DA:3,3
LF:2
LH:2
BRF:0
BRH:0
end_of_record
TN:
SF:/Users/valentinprugnaud/Sites/variate-vue/src/lang/debug.js
FNF:0
FNH:0
DA:2,3
DA:3,3
LF:2
LH:2
BRF:0
BRH:0
end_of_record
TN:
SF:/Users/valentinprugnaud/Sites/variate-vue/src/lang/error.js
FNF:0
FNH:0
DA:1,3
DA:4,3
DA:7,3
LF:3
LH:3
BRF:0
BRH:0
end_of_record
TN:
SF:/Users/valentinprugnaud/Sites/variate-vue/src/lang/version.js
FN:4,(anonymous_0)
FNF:1
FNH:1
FNDA:1,(anonymous_0)
DA:5,1
LF:1
LH:1
BRF:0
BRH:0
end_of_record
